# JRE version: OpenJDK Runtime Environment (17.0.11) (build 17.0.11+0--11852314)
# Java VM: OpenJDK 64-Bit Server VM (17.0.11+0--11852314, mixed mode, tiered, compressed oops, compressed class ptrs, g1 gc, windows-amd64)
GC Precious Log:
 CPUs: 8 total, 8 available
 Memory: 20389M
 Large Page Support: Disabled
 NUMA Support: Disabled
 Compressed Oops: Enabled (Zero based)
 Heap Region Size: 4M
 Heap Min Capacity: 8M
 Heap Initial Capacity: 320M
 Heap Max Capacity: 5100M
 Pre-touch: Disabled
 Parallel Workers: 8
 Concurrent Workers: 2
 Concurrent Refinement Workers: 8
 Periodic GC: Disabled
Heap:
 garbage-first heap   total 319488K, used 124452K [0x00000006c1400000, 0x0000000800000000)
  region size 4096K, 4 young (16384K), 2 survivors (8192K)
 Metaspace       used 75900K, committed 76288K, reserved 1179648K
  class space    used 8404K, committed 8576K, reserved 1048576K
GC Heap History (20 events):
Event: 23.400 GC heap before
{Heap before GC invocations=17 (full 0):
 garbage-first heap   total 163840K, used 114180K [0x00000006c1400000, 0x0000000800000000)
  region size 4096K, 16 young (65536K), 2 survivors (8192K)
 Metaspace       used 63162K, committed 63488K, reserved 1114112K
  class space    used 7296K, committed 7488K, reserved 1048576K
}
Event: 23.439 GC heap after
{Heap after GC invocations=18 (full 0):
 garbage-first heap   total 163840K, used 64753K [0x00000006c1400000, 0x0000000800000000)
  region size 4096K, 2 young (8192K), 2 survivors (8192K)
 Metaspace       used 63162K, committed 63488K, reserved 1114112K
  class space    used 7296K, committed 7488K, reserved 1048576K
}
Event: 26.848 GC heap before
{Heap before GC invocations=18 (full 0):
 garbage-first heap   total 163840K, used 122097K [0x00000006c1400000, 0x0000000800000000)
  region size 4096K, 16 young (65536K), 2 survivors (8192K)
 Metaspace       used 64546K, committed 64832K, reserved 1114112K
  class space    used 7387K, committed 7552K, reserved 1048576K
}
Event: 26.890 GC heap after
{Heap after GC invocations=19 (full 0):
 garbage-first heap   total 163840K, used 71562K [0x00000006c1400000, 0x0000000800000000)
  region size 4096K, 2 young (8192K), 2 survivors (8192K)
 Metaspace       used 64546K, committed 64832K, reserved 1114112K
  class space    used 7387K, committed 7552K, reserved 1048576K
}
Event: 28.034 GC heap before
{Heap before GC invocations=19 (full 0):
 garbage-first heap   total 163840K, used 124810K [0x00000006c1400000, 0x0000000800000000)
  region size 4096K, 15 young (61440K), 2 survivors (8192K)
 Metaspace       used 64643K, committed 64960K, reserved 1114112K
  class space    used 7401K, committed 7552K, reserved 1048576K
}
Event: 28.058 GC heap after
{Heap after GC invocations=20 (full 0):
 garbage-first heap   total 163840K, used 77779K [0x00000006c1400000, 0x0000000800000000)
  region size 4096K, 2 young (8192K), 2 survivors (8192K)
 Metaspace       used 64643K, committed 64960K, reserved 1114112K
  class space    used 7401K, committed 7552K, reserved 1048576K
}
Event: 28.180 GC heap before
{Heap before GC invocations=20 (full 0):
 garbage-first heap   total 163840K, used 122835K [0x00000006c1400000, 0x0000000800000000)
  region size 4096K, 13 young (53248K), 2 survivors (8192K)
 Metaspace       used 64646K, committed 64960K, reserved 1114112K
  class space    used 7401K, committed 7552K, reserved 1048576K
}
Event: 28.195 GC heap after
{Heap after GC invocations=21 (full 0):
 garbage-first heap   total 196608K, used 84382K [0x00000006c1400000, 0x0000000800000000)
  region size 4096K, 2 young (8192K), 2 survivors (8192K)
 Metaspace       used 64646K, committed 64960K, reserved 1114112K
  class space    used 7401K, committed 7552K, reserved 1048576K
}
Event: 32.722 GC heap before
{Heap before GC invocations=21 (full 0):
 garbage-first heap   total 196608K, used 141726K [0x00000006c1400000, 0x0000000800000000)
  region size 4096K, 17 young (69632K), 2 survivors (8192K)
 Metaspace       used 65327K, committed 65728K, reserved 1114112K
  class space    used 7416K, committed 7616K, reserved 1048576K
}
Event: 32.744 GC heap after
{Heap after GC invocations=22 (full 0):
 garbage-first heap   total 196608K, used 90121K [0x00000006c1400000, 0x0000000800000000)
  region size 4096K, 3 young (12288K), 3 survivors (12288K)
 Metaspace       used 65327K, committed 65728K, reserved 1114112K
  class space    used 7416K, committed 7616K, reserved 1048576K
}
Event: 34.722 GC heap before
{Heap before GC invocations=22 (full 0):
 garbage-first heap   total 196608K, used 151561K [0x00000006c1400000, 0x0000000800000000)
  region size 4096K, 18 young (73728K), 3 survivors (12288K)
 Metaspace       used 65626K, committed 65984K, reserved 1114112K
  class space    used 7419K, committed 7616K, reserved 1048576K
}
Event: 34.750 GC heap after
{Heap after GC invocations=23 (full 0):
 garbage-first heap   total 196608K, used 95550K [0x00000006c1400000, 0x0000000800000000)
  region size 4096K, 3 young (12288K), 3 survivors (12288K)
 Metaspace       used 65626K, committed 65984K, reserved 1114112K
  class space    used 7419K, committed 7616K, reserved 1048576K
}
Event: 35.000 GC heap before
{Heap before GC invocations=23 (full 0):
 garbage-first heap   total 196608K, used 152894K [0x00000006c1400000, 0x0000000800000000)
  region size 4096K, 17 young (69632K), 3 survivors (12288K)
 Metaspace       used 65626K, committed 65984K, reserved 1114112K
  class space    used 7419K, committed 7616K, reserved 1048576K
}
Event: 35.028 GC heap after
{Heap after GC invocations=24 (full 0):
 garbage-first heap   total 196608K, used 102107K [0x00000006c1400000, 0x0000000800000000)
  region size 4096K, 3 young (12288K), 3 survivors (12288K)
 Metaspace       used 65626K, committed 65984K, reserved 1114112K
  class space    used 7419K, committed 7616K, reserved 1048576K
}
Event: 37.543 GC heap before
{Heap before GC invocations=24 (full 0):
 garbage-first heap   total 196608K, used 155355K [0x00000006c1400000, 0x0000000800000000)
  region size 4096K, 16 young (65536K), 3 survivors (12288K)
 Metaspace       used 66395K, committed 66688K, reserved 1114112K
  class space    used 7460K, committed 7616K, reserved 1048576K
}
Event: 37.571 GC heap after
{Heap after GC invocations=25 (full 0):
 garbage-first heap   total 196608K, used 105736K [0x00000006c1400000, 0x0000000800000000)
  region size 4096K, 1 young (4096K), 1 survivors (4096K)
 Metaspace       used 66395K, committed 66688K, reserved 1114112K
  class space    used 7460K, committed 7616K, reserved 1048576K
}
Event: 40.590 GC heap before
{Heap before GC invocations=26 (full 0):
 garbage-first heap   total 196608K, used 158984K [0x00000006c1400000, 0x0000000800000000)
  region size 4096K, 14 young (57344K), 1 survivors (4096K)
 Metaspace       used 74116K, committed 74496K, reserved 1179648K
  class space    used 8256K, committed 8448K, reserved 1048576K
}
Event: 40.620 GC heap after
{Heap after GC invocations=27 (full 0):
 garbage-first heap   total 196608K, used 110592K [0x00000006c1400000, 0x0000000800000000)
  region size 4096K, 2 young (8192K), 2 survivors (8192K)
 Metaspace       used 74116K, committed 74496K, reserved 1179648K
  class space    used 8256K, committed 8448K, reserved 1048576K
}
Event: 42.852 GC heap before
{Heap before GC invocations=27 (full 0):
 garbage-first heap   total 196608K, used 159744K [0x00000006c1400000, 0x0000000800000000)
  region size 4096K, 14 young (57344K), 2 survivors (8192K)
 Metaspace       used 75706K, committed 76096K, reserved 1179648K
  class space    used 8391K, committed 8576K, reserved 1048576K
}
Event: 42.896 GC heap after
{Heap after GC invocations=28 (full 0):
 garbage-first heap   total 319488K, used 120356K [0x00000006c1400000, 0x0000000800000000)
  region size 4096K, 2 young (8192K), 2 survivors (8192K)
 Metaspace       used 75706K, committed 76096K, reserved 1179648K
  class space    used 8391K, committed 8576K, reserved 1048576K
}

